This file contains any messages produced by compilers while
running configure, to aid debugging if configure makes a mistake.

It was created by configure, which was
generated by GNU Autoconf 2.68.  Invocation command line was

  $ ./configure 

## --------- ##
## Platform. ##
## --------- ##

hostname = mtksdtcf07
uname -m = x86_64
uname -r = 2.6.32-46-generic
uname -s = Linux
uname -v = #105-Ubuntu SMP Fri Mar 1 00:04:17 UTC 2013

/usr/bin/uname -p = unknown
/bin/uname -X     = unknown

/bin/arch              = unknown
/usr/bin/arch -k       = unknown
/usr/convex/getsysinfo = unknown
/usr/bin/hostinfo      = unknown
/bin/machine           = unknown
/usr/bin/oslevel       = unknown
/bin/universe          = unknown

PATH: /mtkeda/perforce/linux26x86_64_2010.2
PATH: /mtkeda/perforce/linux26x86_64_2010.2/p4v/bin
PATH: /mtktools/montavista5/pro/bin
PATH: /mtktools/ARM/RVDS3.1/RVCT/Programs/3.1/761/linux-pentium
PATH: /mtkoss/jdk/1.6.0_23-ubuntu-10.04/x86_64/bin
PATH: /mtkoss/android_ndk/android-ndk-r6b
PATH: /mtkeda/dtv/tools
PATH: /mtkeda/dt/cache
PATH: /mtkoss/ccache/3.1.8/i686/bin
PATH: /mtkeda/dtv/tools/make-3.81
PATH: /mtkeda/dtv/cluster/odb
PATH: /mtkoss/git/1.7.6-ubuntu-10.04/x86_64/bin
PATH: /mtkeda/dtv/cluster/sbin
PATH: /mtkeda/dtv/tools/bin
PATH: /mtkoss/ccache/3.1.4/i686/bin
PATH: /mtkoss/git/1.7.6-ubuntu-10.04/x86_64/bin
PATH: /mtkeda/perforce/linux26x86_64_2010.2
PATH: /mtkeda/perforce/linux26x86_64_2010.2/p4v/bin
PATH: /mtkeda/perforce/linux26x86_64_2010.2
PATH: /mtkeda/perforce/linux26x86_64_2010.2/p4v/bin
PATH: /mtkoss/lttv/0.12.38-ubuntu-10.04/x86_64/bin
PATH: /mtkoss/arm-2010q1/bin
PATH: /mtkoss/ctags/5.8-ubuntu-10.04/x86_64/bin
PATH: /mtkoss/eclipse/3.5-sr2-adt10-ubuntu-10.04
PATH: /mtkoss/arm-eabi/4.4.0-ubuntu-10.04/x86_64/bin
PATH: /mtkoss/jdk/1.5.0_17-ubuntu-10.04/x86_64/bin
PATH: /mtkoss/wine/1.1.33-ubuntu-10.04/x86_64/bin
PATH: /usr/bin
PATH: /bin
PATH: /usr/sbin
PATH: /sbin
PATH: /mtkoss/android_sdk/android_sdk_4.0/tools
PATH: /usr/local/sbin
PATH: /usr/local/bin
PATH: /usr/sbin
PATH: /usr/bin
PATH: /sbin
PATH: /bin
PATH: /usr/games
PATH: /mtkeda/IT/bin
PATH: /mtkeda/IT/sbin
PATH: /mtkeda/IT/bin
PATH: /mtkeda/Utility/LM_daemon/Synopsys/11.6/Linux/amd64/bin
PATH: /proj/mtk01939/bin
PATH: .
PATH: /usr/local/utility/bin
PATH: /usr/local/sbin
PATH: /usr/local/bin
PATH: /usr/local/splint3.1.1/bin
PATH: /usr/bin
PATH: /bin
PATH: /usr
PATH: /usr/local/X11R6/bin
PATH: /usr/bin/X11
PATH: /mtktools/ARM/RVCT/Programs/2.1/328/linux-pentium
PATH: /mtktools/ARM/RVDS3.1/RVCT/Programs/3.1/569/linux-pentium
PATH: /mtktools/ARM/RVDS40/RVCT/Programs/4.0/400/linux-pentium
PATH: /mtktools/gnuarm/bin
PATH: /mtktools/montavista/pro/devkit/arm/v5t_le/bin
PATH: /mtktools/montavista5/pro/devkit/arm/v6_le/bin
PATH: /mtktools/montavista5/pro/bin
PATH: /mtktools/mvl5_ss/arm_v6_vfp_le/bin
PATH: /usr/local/mtk-toolchain/gnuarm-4.2.1/cross-tools/arm11/bin
PATH: /usr/local/mtk-toolchain/gnuarm-4.2.1/image-tools
PATH: /mtktools/ARM/RVDS40/RVCT/Programs/4.0/400/linux-pentium
PATH: /proj/mtk01939/bin
PATH: .
PATH: /proj/share/tools/perl
PATH: /proj/mtk01939/bin
PATH: /usr/local/utility/bin
PATH: /mtktools/montavista/pro/devkit/arm/v5t_le/bin
PATH: /proj/mtk01939/Qt/qte_install/bin
PATH: /proj/mtk01939/bin
PATH: .
PATH: /usr/local/utility/bin
PATH: /usr/local/sbin
PATH: /usr/local/bin
PATH: /usr/local/splint3.1.1/bin
PATH: /usr/bin
PATH: /bin
PATH: /usr
PATH: /usr/local/X11R6/bin
PATH: /usr/bin/X11
PATH: /mtktools/gnuarm/bin
PATH: /mtktools/montavista/pro/devkit/arm/v5t_le/bin
PATH: /mtktools/montavista5/pro/devkit/arm/v6_le/bin
PATH: /mtktools/montavista5/pro/bin
PATH: /mtktools/mvl5_ss/arm_v6_vfp_le/bin
PATH: /usr/local/mtk-toolchain/gnuarm-4.2.1/cross-tools/arm11/bin
PATH: /usr/local/mtk-toolchain/gnuarm-4.2.1/image-tools


## ----------- ##
## Core tests. ##
## ----------- ##

configure:2211: checking build system type
configure:2225: result: x86_64-unknown-linux-gnu
configure:2245: checking host system type
configure:2258: result: x86_64-unknown-linux-gnu
configure:2278: checking target system type
configure:2291: result: x86_64-unknown-linux-gnu
configure:2334: checking for a BSD-compatible install
configure:2402: result: /usr/bin/install -c
configure:2413: checking whether build environment is sane
configure:2463: result: yes
configure:2604: checking for a thread-safe mkdir -p
configure:2643: result: /bin/mkdir -p
configure:2656: checking for gawk
configure:2672: found /usr/bin/gawk
configure:2683: result: gawk
configure:2694: checking whether make sets $(MAKE)
configure:2716: result: yes
configure:2840: checking for style of include used by make
configure:2868: result: GNU
configure:2939: checking for gcc
configure:2955: found /usr/bin/gcc
configure:2966: result: gcc
configure:3195: checking for C compiler version
configure:3204: gcc --version >&5
gcc (Ubuntu 4.4.3-4ubuntu5.1) 4.4.3
Copyright (C) 2009 Free Software Foundation, Inc.
This is free software; see the source for copying conditions.  There is NO
warranty; not even for MERCHANTABILITY or FITNESS FOR A PARTICULAR PURPOSE.

configure:3215: $? = 0
configure:3204: gcc -v >&5
Using built-in specs.
Target: x86_64-linux-gnu
Configured with: ../src/configure -v --with-pkgversion='Ubuntu 4.4.3-4ubuntu5.1' --with-bugurl=file:///usr/share/doc/gcc-4.4/README.Bugs --enable-languages=c,c++,fortran,objc,obj-c++ --prefix=/usr --enable-shared --enable-multiarch --enable-linker-build-id --with-system-zlib --libexecdir=/usr/lib --without-included-gettext --enable-threads=posix --with-gxx-include-dir=/usr/include/c++/4.4 --program-suffix=-4.4 --enable-nls --enable-clocale=gnu --enable-libstdcxx-debug --enable-plugin --enable-objc-gc --disable-werror --with-arch-32=i486 --with-tune=generic --enable-checking=release --build=x86_64-linux-gnu --host=x86_64-linux-gnu --target=x86_64-linux-gnu
Thread model: posix
gcc version 4.4.3 (Ubuntu 4.4.3-4ubuntu5.1) 
configure:3215: $? = 0
configure:3204: gcc -V >&5
gcc: '-V' option must have argument
configure:3215: $? = 1
configure:3204: gcc -qversion >&5
gcc: unrecognized option '-qversion'
gcc: no input files
configure:3215: $? = 1
configure:3235: checking whether the C compiler works
configure:3257: gcc    conftest.c  >&5
configure:3261: $? = 0
configure:3309: result: yes
configure:3312: checking for C compiler default output file name
configure:3314: result: a.out
configure:3320: checking for suffix of executables
configure:3327: gcc -o conftest    conftest.c  >&5
configure:3331: $? = 0
configure:3353: result: 
configure:3375: checking whether we are cross compiling
configure:3383: gcc -o conftest    conftest.c  >&5
configure:3387: $? = 0
configure:3394: ./conftest
configure:3398: $? = 0
configure:3413: result: no
configure:3418: checking for suffix of object files
configure:3440: gcc -c   conftest.c >&5
configure:3444: $? = 0
configure:3465: result: o
configure:3469: checking whether we are using the GNU C compiler
configure:3488: gcc -c   conftest.c >&5
configure:3488: $? = 0
configure:3497: result: yes
configure:3506: checking whether gcc accepts -g
configure:3526: gcc -c -g  conftest.c >&5
configure:3526: $? = 0
configure:3567: result: yes
configure:3584: checking for gcc option to accept ISO C89
configure:3648: gcc  -c -g -O2  conftest.c >&5
configure:3648: $? = 0
configure:3661: result: none needed
configure:3683: checking dependency style of gcc
configure:3794: result: gcc3
configure:3810: checking for an ANSI C-conforming const
configure:3875: gcc -c -g -O2  conftest.c >&5
configure:3875: $? = 0
configure:3882: result: yes
configure:3890: checking for inline
configure:3906: gcc -c -g -O2  conftest.c >&5
configure:3906: $? = 0
configure:3914: result: inline
configure:3937: checking how to run the C preprocessor
configure:3968: gcc -E  conftest.c
configure:3968: $? = 0
configure:3982: gcc -E  conftest.c
conftest.c:14:28: error: ac_nonexistent.h: No such file or directory
configure:3982: $? = 1
configure: failed program was:
| /* confdefs.h */
| #define PACKAGE_NAME ""
| #define PACKAGE_TARNAME ""
| #define PACKAGE_VERSION ""
| #define PACKAGE_STRING ""
| #define PACKAGE_BUGREPORT ""
| #define PACKAGE_URL ""
| #define MAJOR_VERSION 3
| #define MINOR_VERSION 4
| #define MICRO_VERSION 2
| #define PACKAGE "qrencode"
| #define VERSION "3.4.2"
| /* end confdefs.h.  */
| #include <ac_nonexistent.h>
configure:4007: result: gcc -E
configure:4027: gcc -E  conftest.c
configure:4027: $? = 0
configure:4041: gcc -E  conftest.c
conftest.c:14:28: error: ac_nonexistent.h: No such file or directory
configure:4041: $? = 1
configure: failed program was:
| /* confdefs.h */
| #define PACKAGE_NAME ""
| #define PACKAGE_TARNAME ""
| #define PACKAGE_VERSION ""
| #define PACKAGE_STRING ""
| #define PACKAGE_BUGREPORT ""
| #define PACKAGE_URL ""
| #define MAJOR_VERSION 3
| #define MINOR_VERSION 4
| #define MICRO_VERSION 2
| #define PACKAGE "qrencode"
| #define VERSION "3.4.2"
| /* end confdefs.h.  */
| #include <ac_nonexistent.h>
configure:4070: checking for grep that handles long lines and -e
configure:4128: result: /bin/grep
configure:4133: checking for egrep
configure:4195: result: /bin/grep -E
configure:4200: checking for ANSI C header files
configure:4220: gcc -c -g -O2  conftest.c >&5
configure:4220: $? = 0
configure:4293: gcc -o conftest -g -O2   conftest.c  >&5
configure:4293: $? = 0
configure:4293: ./conftest
configure:4293: $? = 0
configure:4304: result: yes
configure:4361: checking for gcc
configure:4388: result: gcc
configure:4617: checking for C compiler version
configure:4626: gcc --version >&5
gcc (Ubuntu 4.4.3-4ubuntu5.1) 4.4.3
Copyright (C) 2009 Free Software Foundation, Inc.
This is free software; see the source for copying conditions.  There is NO
warranty; not even for MERCHANTABILITY or FITNESS FOR A PARTICULAR PURPOSE.

configure:4637: $? = 0
configure:4626: gcc -v >&5
Using built-in specs.
Target: x86_64-linux-gnu
Configured with: ../src/configure -v --with-pkgversion='Ubuntu 4.4.3-4ubuntu5.1' --with-bugurl=file:///usr/share/doc/gcc-4.4/README.Bugs --enable-languages=c,c++,fortran,objc,obj-c++ --prefix=/usr --enable-shared --enable-multiarch --enable-linker-build-id --with-system-zlib --libexecdir=/usr/lib --without-included-gettext --enable-threads=posix --with-gxx-include-dir=/usr/include/c++/4.4 --program-suffix=-4.4 --enable-nls --enable-clocale=gnu --enable-libstdcxx-debug --enable-plugin --enable-objc-gc --disable-werror --with-arch-32=i486 --with-tune=generic --enable-checking=release --build=x86_64-linux-gnu --host=x86_64-linux-gnu --target=x86_64-linux-gnu
Thread model: posix
gcc version 4.4.3 (Ubuntu 4.4.3-4ubuntu5.1) 
configure:4637: $? = 0
configure:4626: gcc -V >&5
gcc: '-V' option must have argument
configure:4637: $? = 1
configure:4626: gcc -qversion >&5
gcc: unrecognized option '-qversion'
gcc: no input files
configure:4637: $? = 1
configure:4641: checking whether we are using the GNU C compiler
configure:4669: result: yes
configure:4678: checking whether gcc accepts -g
configure:4739: result: yes
configure:4756: checking for gcc option to accept ISO C89
configure:4833: result: none needed
configure:4855: checking dependency style of gcc
configure:4966: result: gcc3
configure:4982: checking whether gcc and cc understand -c and -o together
configure:5013: gcc -c conftest.c -o conftest2.o >&5
configure:5017: $? = 0
configure:5023: gcc -c conftest.c -o conftest2.o >&5
configure:5027: $? = 0
configure:5038: cc -c conftest.c >&5
configure:5042: $? = 0
configure:5050: cc -c conftest.c -o conftest2.o >&5
configure:5054: $? = 0
configure:5060: cc -c conftest.c -o conftest2.o >&5
configure:5064: $? = 0
configure:5082: result: yes
configure:5154: checking how to print strings
configure:5181: result: printf
configure:5202: checking for a sed that does not truncate output
configure:5266: result: /bin/sed
configure:5284: checking for fgrep
configure:5346: result: /bin/grep -F
configure:5381: checking for ld used by gcc
configure:5448: result: /usr/bin/ld
configure:5455: checking if the linker (/usr/bin/ld) is GNU ld
configure:5470: result: yes
configure:5482: checking for BSD- or MS-compatible name lister (nm)
configure:5531: result: /usr/bin/nm -B
configure:5661: checking the name lister (/usr/bin/nm -B) interface
configure:5668: gcc -c -g -O2  conftest.c >&5
configure:5671: /usr/bin/nm -B "conftest.o"
configure:5674: output
0000000000000000 B some_variable
configure:5681: result: BSD nm
configure:5684: checking whether ln -s works
configure:5688: result: yes
configure:5696: checking the maximum length of command line arguments
configure:5826: result: 1572864
configure:5843: checking whether the shell understands some XSI constructs
configure:5853: result: yes
configure:5857: checking whether the shell understands "+="
configure:5863: result: yes
configure:5898: checking how to convert x86_64-unknown-linux-gnu file names to x86_64-unknown-linux-gnu format
configure:5938: result: func_convert_file_noop
configure:5945: checking how to convert x86_64-unknown-linux-gnu file names to toolchain format
configure:5965: result: func_convert_file_noop
configure:5972: checking for /usr/bin/ld option to reload object files
configure:5979: result: -r
configure:6053: checking for objdump
configure:6069: found /usr/bin/objdump
configure:6080: result: objdump
configure:6112: checking how to recognize dependent libraries
configure:6314: result: pass_all
configure:6399: checking for dlltool
configure:6429: result: no
configure:6459: checking how to associate runtime and link libraries
configure:6486: result: printf %s\n
configure:6546: checking for ar
configure:6562: found /usr/bin/ar
configure:6573: result: ar
configure:6610: checking for archiver @FILE support
configure:6627: gcc -c -g -O2  conftest.c >&5
configure:6627: $? = 0
configure:6630: ar cru libconftest.a @conftest.lst >&5
configure:6633: $? = 0
configure:6638: ar cru libconftest.a @conftest.lst >&5
ar: conftest.o: No such file or directory
configure:6641: $? = 1
configure:6653: result: @
configure:6711: checking for strip
configure:6727: found /usr/bin/strip
configure:6738: result: strip
configure:6810: checking for ranlib
configure:6826: found /usr/bin/ranlib
configure:6837: result: ranlib
configure:6939: checking command to parse /usr/bin/nm -B output from gcc object
configure:7059: gcc -c -g -O2  conftest.c >&5
configure:7062: $? = 0
configure:7066: /usr/bin/nm -B conftest.o \| sed -n -e 's/^.*[ ]\([ABCDGIRSTW][ABCDGIRSTW]*\)[ ][ ]*\([_A-Za-z][_A-Za-z0-9]*\)$/\1 \2 \2/p' | sed '/ __gnu_lto/d' \> conftest.nm
configure:7069: $? = 0
configure:7135: gcc -o conftest -g -O2   conftest.c conftstm.o >&5
configure:7138: $? = 0
configure:7176: result: ok
configure:7213: checking for sysroot
configure:7243: result: no
configure:7320: gcc -c -g -O2  conftest.c >&5
configure:7323: $? = 0
configure:7499: checking for mt
configure:7515: found /bin/mt
configure:7526: result: mt
configure:7549: checking if mt is a manifest tool
configure:7555: mt '-?'
mt: invalid option -- ?
configure:7563: result: no
configure:8205: checking for sys/types.h
configure:8205: gcc -c -g -O2  conftest.c >&5
configure:8205: $? = 0
configure:8205: result: yes
configure:8205: checking for sys/stat.h
configure:8205: gcc -c -g -O2  conftest.c >&5
configure:8205: $? = 0
configure:8205: result: yes
configure:8205: checking for stdlib.h
configure:8205: gcc -c -g -O2  conftest.c >&5
configure:8205: $? = 0
configure:8205: result: yes
configure:8205: checking for string.h
configure:8205: gcc -c -g -O2  conftest.c >&5
configure:8205: $? = 0
configure:8205: result: yes
configure:8205: checking for memory.h
configure:8205: gcc -c -g -O2  conftest.c >&5
configure:8205: $? = 0
configure:8205: result: yes
configure:8205: checking for strings.h
configure:8205: gcc -c -g -O2  conftest.c >&5
configure:8205: $? = 0
configure:8205: result: yes
configure:8205: checking for inttypes.h
configure:8205: gcc -c -g -O2  conftest.c >&5
configure:8205: $? = 0
configure:8205: result: yes
configure:8205: checking for stdint.h
configure:8205: gcc -c -g -O2  conftest.c >&5
configure:8205: $? = 0
configure:8205: result: yes
configure:8205: checking for unistd.h
configure:8205: gcc -c -g -O2  conftest.c >&5
configure:8205: $? = 0
configure:8205: result: yes
configure:8219: checking for dlfcn.h
configure:8219: gcc -c -g -O2  conftest.c >&5
configure:8219: $? = 0
configure:8219: result: yes
configure:8395: checking for objdir
configure:8410: result: .libs
configure:8677: checking if gcc supports -fno-rtti -fno-exceptions
configure:8695: gcc -c -g -O2  -fno-rtti -fno-exceptions conftest.c >&5
cc1: warning: command line option "-fno-rtti" is valid for C++/ObjC++ but not for C
configure:8699: $? = 0
configure:8712: result: no
configure:9039: checking for gcc option to produce PIC
configure:9046: result: -fPIC -DPIC
configure:9054: checking if gcc PIC flag -fPIC -DPIC works
configure:9072: gcc -c -g -O2  -fPIC -DPIC -DPIC conftest.c >&5
configure:9076: $? = 0
configure:9089: result: yes
configure:9118: checking if gcc static flag -static works
configure:9146: result: yes
configure:9161: checking if gcc supports -c -o file.o
configure:9182: gcc -c -g -O2  -o out/conftest2.o conftest.c >&5
configure:9186: $? = 0
configure:9208: result: yes
configure:9216: checking if gcc supports -c -o file.o
configure:9263: result: yes
configure:9296: checking whether the gcc linker (/usr/bin/ld -m elf_x86_64) supports shared libraries
configure:10453: result: yes
configure:10490: checking whether -lc should be explicitly linked in
configure:10498: gcc -c -g -O2  conftest.c >&5
configure:10501: $? = 0
configure:10516: gcc -shared  -fPIC -DPIC conftest.o  -v -Wl,-soname -Wl,conftest -o conftest 2\>\&1 \| /bin/grep  -lc  \>/dev/null 2\>\&1
configure:10519: $? = 0
configure:10533: result: no
configure:10693: checking dynamic linker characteristics
configure:11204: gcc -o conftest -g -O2   -Wl,-rpath -Wl,/foo conftest.c  >&5
configure:11204: $? = 0
configure:11438: result: GNU/Linux ld.so
configure:11545: checking how to hardcode library paths into programs
configure:11570: result: immediate
configure:12110: checking whether stripping libraries is possible
configure:12115: result: yes
configure:12150: checking if libtool supports shared libraries
configure:12152: result: yes
configure:12155: checking whether to build shared libraries
configure:12176: result: yes
configure:12179: checking whether to build static libraries
configure:12183: result: no
configure:12263: checking for ranlib
configure:12290: result: ranlib
configure:12366: checking for pkg-config
configure:12384: found /mtktools/montavista5/pro/bin/pkg-config
configure:12396: result: /mtktools/montavista5/pro/bin/pkg-config
configure:12421: checking pkg-config is at least version 0.9.0
configure:12424: result: yes
configure:12438: checking for strdup
configure:12438: gcc -o conftest -g -O2   conftest.c  >&5
conftest.c:49: warning: conflicting types for built-in function 'strdup'
configure:12438: $? = 0
configure:12438: result: yes
configure:12457: checking for pthread_mutex_init in -lpthread
configure:12482: gcc -o conftest -g -O2   conftest.c -lpthread   >&5
configure:12482: $? = 0
configure:12491: result: yes
configure:12535: checking for png
configure:12542: $PKG_CONFIG --exists --print-errors ""libpng""
configure:12545: $? = 0
configure:12559: $PKG_CONFIG --exists --print-errors ""libpng""
configure:12562: $? = 0
configure:12620: result: yes
configure:14033: creating ./config.status

## ---------------------- ##
## Running config.status. ##
## ---------------------- ##

This file was extended by config.status, which was
generated by GNU Autoconf 2.68.  Invocation command line was

  CONFIG_FILES    = 
  CONFIG_HEADERS  = 
  CONFIG_LINKS    = 
  CONFIG_COMMANDS = 
  $ ./config.status 

on mtksdtcf07

config.status:1124: creating Makefile
config.status:1124: creating libqrencode.pc
config.status:1124: creating tests/Makefile
config.status:1124: creating qrencode.spec
config.status:1124: creating qrencode.1
config.status:1124: creating config.h
config.status:1353: executing depfiles commands
config.status:1353: executing libtool commands

## ---------------- ##
## Cache variables. ##
## ---------------- ##

ac_cv_build=x86_64-unknown-linux-gnu
ac_cv_c_compiler_gnu=yes
ac_cv_c_const=yes
ac_cv_c_inline=inline
ac_cv_env_CC_set=
ac_cv_env_CC_value=
ac_cv_env_CFLAGS_set=
ac_cv_env_CFLAGS_value=
ac_cv_env_CPPFLAGS_set=
ac_cv_env_CPPFLAGS_value=
ac_cv_env_CPP_set=
ac_cv_env_CPP_value=
ac_cv_env_LDFLAGS_set=
ac_cv_env_LDFLAGS_value=
ac_cv_env_LIBS_set=
ac_cv_env_LIBS_value=
ac_cv_env_PKG_CONFIG_LIBDIR_set=
ac_cv_env_PKG_CONFIG_LIBDIR_value=
ac_cv_env_PKG_CONFIG_PATH_set=set
ac_cv_env_PKG_CONFIG_PATH_value=/proj/mtk01939/qrencode-3.4.2/png/lib/pkgconfig
ac_cv_env_PKG_CONFIG_set=
ac_cv_env_PKG_CONFIG_value=
ac_cv_env_build_alias_set=
ac_cv_env_build_alias_value=
ac_cv_env_host_alias_set=
ac_cv_env_host_alias_value=
ac_cv_env_png_CFLAGS_set=
ac_cv_env_png_CFLAGS_value=
ac_cv_env_png_LIBS_set=
ac_cv_env_png_LIBS_value=
ac_cv_env_target_alias_set=
ac_cv_env_target_alias_value=
ac_cv_func_strdup=yes
ac_cv_header_dlfcn_h=yes
ac_cv_header_inttypes_h=yes
ac_cv_header_memory_h=yes
ac_cv_header_stdc=yes
ac_cv_header_stdint_h=yes
ac_cv_header_stdlib_h=yes
ac_cv_header_string_h=yes
ac_cv_header_strings_h=yes
ac_cv_header_sys_stat_h=yes
ac_cv_header_sys_types_h=yes
ac_cv_header_unistd_h=yes
ac_cv_host=x86_64-unknown-linux-gnu
ac_cv_lib_pthread_pthread_mutex_init=yes
ac_cv_objext=o
ac_cv_path_EGREP='/bin/grep -E'
ac_cv_path_FGREP='/bin/grep -F'
ac_cv_path_GREP=/bin/grep
ac_cv_path_SED=/bin/sed
ac_cv_path_ac_pt_PKG_CONFIG=/mtktools/montavista5/pro/bin/pkg-config
ac_cv_path_install='/usr/bin/install -c'
ac_cv_path_mkdir=/bin/mkdir
ac_cv_prog_AWK=gawk
ac_cv_prog_CPP='gcc -E'
ac_cv_prog_ac_ct_AR=ar
ac_cv_prog_ac_ct_CC=gcc
ac_cv_prog_ac_ct_MANIFEST_TOOL=mt
ac_cv_prog_ac_ct_OBJDUMP=objdump
ac_cv_prog_ac_ct_RANLIB=ranlib
ac_cv_prog_ac_ct_STRIP=strip
ac_cv_prog_cc_c89=
ac_cv_prog_cc_g=yes
ac_cv_prog_cc_gcc_c_o=yes
ac_cv_prog_make_make_set=yes
ac_cv_target=x86_64-unknown-linux-gnu
am_cv_CC_dependencies_compiler_type=gcc3
lt_cv_ar_at_file=@
lt_cv_archive_cmds_need_lc=no
lt_cv_deplibs_check_method=pass_all
lt_cv_file_magic_cmd='$MAGIC_CMD'
lt_cv_file_magic_test_file=
lt_cv_ld_reload_flag=-r
lt_cv_nm_interface='BSD nm'
lt_cv_objdir=.libs
lt_cv_path_LD=/usr/bin/ld
lt_cv_path_NM='/usr/bin/nm -B'
lt_cv_path_mainfest_tool=no
lt_cv_prog_compiler_c_o=yes
lt_cv_prog_compiler_pic='-fPIC -DPIC'
lt_cv_prog_compiler_pic_works=yes
lt_cv_prog_compiler_rtti_exceptions=no
lt_cv_prog_compiler_static_works=yes
lt_cv_prog_gnu_ld=yes
lt_cv_sharedlib_from_linklib_cmd='printf %s\n'
lt_cv_shlibpath_overrides_runpath=no
lt_cv_sys_global_symbol_pipe='sed -n -e '\''s/^.*[	 ]\([ABCDGIRSTW][ABCDGIRSTW]*\)[	 ][	 ]*\([_A-Za-z][_A-Za-z0-9]*\)$/\1 \2 \2/p'\'' | sed '\''/ __gnu_lto/d'\'''
lt_cv_sys_global_symbol_to_c_name_address='sed -n -e '\''s/^: \([^ ]*\)[ ]*$/  {\"\1\", (void *) 0},/p'\'' -e '\''s/^[ABCDGIRSTW]* \([^ ]*\) \([^ ]*\)$/  {"\2", (void *) \&\2},/p'\'''
lt_cv_sys_global_symbol_to_c_name_address_lib_prefix='sed -n -e '\''s/^: \([^ ]*\)[ ]*$/  {\"\1\", (void *) 0},/p'\'' -e '\''s/^[ABCDGIRSTW]* \([^ ]*\) \(lib[^ ]*\)$/  {"\2", (void *) \&\2},/p'\'' -e '\''s/^[ABCDGIRSTW]* \([^ ]*\) \([^ ]*\)$/  {"lib\2", (void *) \&\2},/p'\'''
lt_cv_sys_global_symbol_to_cdecl='sed -n -e '\''s/^T .* \(.*\)$/extern int \1();/p'\'' -e '\''s/^[ABCDGIRSTW]* .* \(.*\)$/extern char \1;/p'\'''
lt_cv_sys_max_cmd_len=1572864
lt_cv_to_host_file_cmd=func_convert_file_noop
lt_cv_to_tool_file_cmd=func_convert_file_noop
pkg_cv_png_CFLAGS='-I/proj/mtk01939/qrencode-3.4.2/png/include/libpng14  '
pkg_cv_png_LIBS='-L/proj/mtk01939/qrencode-3.4.2/png/lib -lpng14 -lz -lm  '

## ----------------- ##
## Output variables. ##
## ----------------- ##

ACLOCAL='${SHELL} /proj/mtk01939/qrencode-3.4.2/use/missing --run aclocal-1.11'
AMDEPBACKSLASH='\'
AMDEP_FALSE='#'
AMDEP_TRUE=''
AMTAR='$${TAR-tar}'
AR='ar'
AUTOCONF='${SHELL} /proj/mtk01939/qrencode-3.4.2/use/missing --run autoconf'
AUTOHEADER='${SHELL} /proj/mtk01939/qrencode-3.4.2/use/missing --run autoheader'
AUTOMAKE='${SHELL} /proj/mtk01939/qrencode-3.4.2/use/missing --run automake-1.11'
AWK='gawk'
BUILD_TESTS_FALSE=''
BUILD_TESTS_TRUE='#'
BUILD_TOOLS_FALSE='#'
BUILD_TOOLS_TRUE=''
CC='gcc'
CCDEPMODE='depmode=gcc3'
CFLAGS='-Wall -g -O2'
CPP='gcc -E'
CPPFLAGS=''
CYGPATH_W='echo'
DEFS='-DHAVE_CONFIG_H'
DEPDIR='.deps'
DLLTOOL='false'
DSYMUTIL=''
DUMPBIN=''
ECHO_C=''
ECHO_N='-n'
ECHO_T=''
EGREP='/bin/grep -E'
EXEEXT=''
FGREP='/bin/grep -F'
GREP='/bin/grep'
HAVE_LIBPTHREAD_FALSE='#'
HAVE_LIBPTHREAD_TRUE=''
HAVE_SDL_FALSE=''
HAVE_SDL_TRUE='#'
INSTALL_DATA='${INSTALL} -m 644'
INSTALL_PROGRAM='${INSTALL}'
INSTALL_SCRIPT='${INSTALL}'
INSTALL_STRIP_PROGRAM='$(install_sh) -c -s'
LD='/usr/bin/ld -m elf_x86_64'
LDFLAGS=''
LIBICONV=''
LIBOBJS=''
LIBPTHREAD='-lpthread'
LIBS=''
LIBTOOL='$(SHELL) $(top_builddir)/libtool'
LIPO=''
LN_S='ln -s'
LTLIBICONV=''
LTLIBOBJS=''
MAJOR_VERSION='3'
MAKEINFO='${SHELL} /proj/mtk01939/qrencode-3.4.2/use/missing --run makeinfo'
MANIFEST_TOOL=':'
MICRO_VERSION='2'
MINOR_VERSION='4'
MKDIR_P='/bin/mkdir -p'
NM='/usr/bin/nm -B'
NMEDIT=''
OBJDUMP='objdump'
OBJEXT='o'
OTOOL64=''
OTOOL=''
PACKAGE='qrencode'
PACKAGE_BUGREPORT=''
PACKAGE_NAME=''
PACKAGE_STRING=''
PACKAGE_TARNAME=''
PACKAGE_URL=''
PACKAGE_VERSION=''
PATH_SEPARATOR=':'
PKG_CONFIG='/mtktools/montavista5/pro/bin/pkg-config'
PKG_CONFIG_LIBDIR=''
PKG_CONFIG_PATH='/proj/mtk01939/qrencode-3.4.2/png/lib/pkgconfig'
RANLIB='ranlib'
SDL_CFLAGS=''
SDL_CONFIG=''
SDL_LIBS=''
SED='/bin/sed'
SET_MAKE=''
SHELL='/bin/sh'
STRIP='strip'
VERSION='3.4.2'
ac_ct_AR='ar'
ac_ct_CC='gcc'
ac_ct_DUMPBIN=''
am__EXEEXT_FALSE=''
am__EXEEXT_TRUE='#'
am__fastdepCC_FALSE='#'
am__fastdepCC_TRUE=''
am__include='include'
am__isrc=''
am__leading_dot='.'
am__nodep='_no'
am__quote=''
am__tar='$${TAR-tar} chof - "$$tardir"'
am__untar='$${TAR-tar} xf -'
bindir='${exec_prefix}/bin'
build='x86_64-unknown-linux-gnu'
build_alias=''
build_cpu='x86_64'
build_os='linux-gnu'
build_vendor='unknown'
datadir='${datarootdir}'
datarootdir='${prefix}/share'
docdir='${datarootdir}/doc/${PACKAGE}'
dvidir='${docdir}'
exec_prefix='${prefix}'
host='x86_64-unknown-linux-gnu'
host_alias=''
host_cpu='x86_64'
host_os='linux-gnu'
host_vendor='unknown'
htmldir='${docdir}'
includedir='${prefix}/include'
infodir='${datarootdir}/info'
install_sh='${SHELL} /proj/mtk01939/qrencode-3.4.2/use/install-sh'
libdir='${exec_prefix}/lib'
libexecdir='${exec_prefix}/libexec'
localedir='${datarootdir}/locale'
localstatedir='${prefix}/var'
mandir='${datarootdir}/man'
mkdir_p='/bin/mkdir -p'
oldincludedir='/usr/include'
pdfdir='${docdir}'
png_CFLAGS='-I/proj/mtk01939/qrencode-3.4.2/png/include/libpng14  '
png_LIBS='-L/proj/mtk01939/qrencode-3.4.2/png/lib -lpng14 -lz -lm  '
prefix='/usr/local'
program_transform_name='s,x,x,'
psdir='${docdir}'
sbindir='${exec_prefix}/sbin'
sharedstatedir='${prefix}/com'
sysconfdir='${prefix}/etc'
target='x86_64-unknown-linux-gnu'
target_alias=''
target_cpu='x86_64'
target_os='linux-gnu'
target_vendor='unknown'

## ----------- ##
## confdefs.h. ##
## ----------- ##

/* confdefs.h */
#define PACKAGE_NAME ""
#define PACKAGE_TARNAME ""
#define PACKAGE_VERSION ""
#define PACKAGE_STRING ""
#define PACKAGE_BUGREPORT ""
#define PACKAGE_URL ""
#define MAJOR_VERSION 3
#define MINOR_VERSION 4
#define MICRO_VERSION 2
#define PACKAGE "qrencode"
#define VERSION "3.4.2"
#define STDC_HEADERS 1
#define HAVE_SYS_TYPES_H 1
#define HAVE_SYS_STAT_H 1
#define HAVE_STDLIB_H 1
#define HAVE_STRING_H 1
#define HAVE_MEMORY_H 1
#define HAVE_STRINGS_H 1
#define HAVE_INTTYPES_H 1
#define HAVE_STDINT_H 1
#define HAVE_UNISTD_H 1
#define HAVE_DLFCN_H 1
#define LT_OBJDIR ".libs/"
#define HAVE_STRDUP 1
#define HAVE_LIBPTHREAD 1
#define __STATIC static
/* #undef WITH_TESTS */

configure: exit 0
